Build started 6/1/2016 2:47:47 PM.
     1>Project "C:\Users\tfx\project\RODL\RODL\RODL.vcxproj" on node 2 (Build target(s)).
     1>ClCompile:
         C:\Program Files (x86)\Microsoft Visual Studio 14.0\VC\bin\CL.exe /c /IC:\Users\tfx\project\RODL\RODL\neural\lib /IC:\Users\tfx\Downloads\boost_1_61_0 /ZI /nologo /W3 /WX- /sdl /Od /Oy- /D WIN32 /D _DEBUG /D _CONSOLE /D _CRT_SECURE_NO_WARNINGS /D _UNICODE /D UNICODE /Gm /EHsc /RTC1 /MDd /GS /fp:precise /Zc:wchar_t /Zc:forScope /Zc:inline /Fo"Debug\\" /Fd"Debug\vc140.pdb" /Gd /TP /analyze- /errorReport:prompt Topology.cpp
         Topology.cpp
       Link:
         C:\Program Files (x86)\Microsoft Visual Studio 14.0\VC\bin\link.exe /ERRORREPORT:PROMPT /OUT:"C:\Users\tfx\project\RODL\Debug\RODL.exe" /INCREMENTAL /NOLOGO /LIBPATH:C:\Users\tfx\Downloads\boost_1_61_0\stage\lib kernel32.lib user32.lib gdi32.lib winspool.lib comdlg32.lib advapi32.lib shell32.lib ole32.lib oleaut32.lib uuid.lib odbc32.lib odbccp32.lib /MANIFEST /MANIFESTUAC:"level='asInvoker' uiAccess='false'" /manifest:embed /Debug /PDB:"C:\Users\tfx\project\RODL\Debug\RODL.pdb" /SUBSYSTEM:CONSOLE /TLBID:1 /DYNAMICBASE /NXCOMPAT /IMPLIB:"C:\Users\tfx\project\RODL\Debug\RODL.lib" /MACHINE:X86 Debug\Config.obj
         Debug\ActiveFunctions.obj
         Debug\INIReader.obj
         Debug\libconvert.obj
         Debug\Timer.obj
         Debug\MatrixFunctions.obj
         Debug\MNISTFunctions.obj
         Debug\MyMath.obj
         Debug\NeuralLayer.obj
         Debug\NeuralNet.obj
         Debug\Node.obj
         Debug\Package.obj
         Debug\RODL.obj
         Debug\stdafx.obj
         Debug\Topology.obj
         neural\lib\cblas.a
         neural\lib\libblas.a
         neural\lib\libgfortran.dll.a
         RODL.vcxproj -> C:\Users\tfx\project\RODL\Debug\RODL.exe
     1>Done Building Project "C:\Users\tfx\project\RODL\RODL\RODL.vcxproj" (Build target(s)).

Build succeeded.

Time Elapsed 00:00:02.66
