c:\users\tfx\project\rodl\rodl\debug\rodl.pch
c:\users\tfx\project\rodl\rodl\debug\vc140.pdb
c:\users\tfx\project\rodl\rodl\debug\vc140.idb
c:\users\tfx\project\rodl\rodl\debug\stdafx.obj
c:\users\tfx\project\rodl\rodl\debug\rodl.obj
c:\users\tfx\project\rodl\rodl\debug\activefunctions.obj
c:\users\tfx\project\rodl\rodl\debug\matrixfunctions.obj
c:\users\tfx\project\rodl\rodl\debug\neural.obj
c:\users\tfx\project\rodl\rodl\debug\neurallayer.obj
c:\users\tfx\project\rodl\rodl\debug\mnistfunctions.obj
c:\users\tfx\project\rodl\rodl\debug\neuralnet.obj
c:\users\tfx\project\rodl\rodl\debug\libconvert.obj
c:\users\tfx\project\rodl\rodl\debug\node.obj
c:\users\tfx\project\rodl\rodl\debug\topology.obj
c:\users\tfx\project\rodl\rodl\debug\config.obj
c:\users\tfx\project\rodl\rodl\debug\package.obj
c:\users\tfx\project\rodl\rodl\debug\inireader.obj
c:\users\tfx\project\rodl\rodl\debug\timer.obj
c:\users\tfx\project\rodl\rodl\debug\mymath.obj
c:\users\tfx\project\rodl\debug\rodl.ilk
c:\users\tfx\project\rodl\debug\rodl.exe
c:\users\tfx\project\rodl\debug\rodl.pdb
c:\users\tfx\project\rodl\rodl\debug\rodl.tlog\cl.command.1.tlog
c:\users\tfx\project\rodl\rodl\debug\rodl.tlog\cl.read.1.tlog
c:\users\tfx\project\rodl\rodl\debug\rodl.tlog\cl.write.1.tlog
c:\users\tfx\project\rodl\rodl\debug\rodl.tlog\link.command.1.tlog
c:\users\tfx\project\rodl\rodl\debug\rodl.tlog\link.read.1.tlog
c:\users\tfx\project\rodl\rodl\debug\rodl.tlog\link.write.1.tlog
